-------------------------------------------------------------------------------
Test set: FizzBuzzTest
-------------------------------------------------------------------------------
Tests run: 1, Failures: 1, Errors: 0, Skipped: 0, Time elapsed: 0.016 s <<< FAILURE! - in FizzBuzzTest
testSomething  Time elapsed: 0.012 s  <<< FAILURE!
org.opentest4j.AssertionFailedError: expected: <true> but was: <false>
	at FizzBuzzTest.testSomething(FizzBuzzTest.java:9)

